<?xml version="1.0" encoding="UTF-8"?>
<testsuite name="com.nr.instrumentation.test.hivemq.TestMQTT5AsyncClient" tests="1" skipped="0" failures="0" errors="0" timestamp="2021-07-22T14:12:54" hostname="C02CL1QNMD6M" time="0.988">
  <properties/>
  <testcase name="doAsyncPubSubTest" classname="com.nr.instrumentation.test.hivemq.TestMQTT5AsyncClient" time="0.988"/>
  <system-out><![CDATA[2021-07-22T09:12:49,179-0500 [837 13] com.newrelic INFO: Using default collector host: collector.newrelic.com
2021-07-22T09:12:49,401-0500 [837 13] com.newrelic INFO: Using default collector host: collector.newrelic.com
2021-07-22T09:12:49,405-0500 [837 13] com.newrelic INFO: Using default collector host: collector.newrelic.com
2021-07-22T09:12:49,695-0500 [837 13] com.newrelic INFO: Using default collector host: collector.newrelic.com
2021-07-22T09:12:49,700-0500 [837 13] com.newrelic INFO: Using default collector host: collector.newrelic.com
2021-07-22T09:12:49,701-0500 [837 13] com.newrelic INFO: Using default collector host: collector.newrelic.com
2021-07-22 09:12:49,863 INFO  - Setting default authentication behavior to ALLOW ALL
2021-07-22 09:12:49,872 INFO  - HiveMQ version: Development Snapshot
2021-07-22 09:12:50,460 INFO  - Starting EmbeddedHiveMQ.
2021-07-22 09:12:54,721 INFO  - Starting HiveMQ extension system.
2021-07-22 09:12:54,768 INFO  - Starting TCP listener on address 0.0.0.0 and port 1883
2021-07-22 09:12:54,845 INFO  - Started TCP Listener on address 0.0.0.0 and on port 1883
2021-07-22 09:12:54,845 INFO  - Started EmbeddedHiveMQ in 4385ms
Call to subscribe, count = 0
Call to publish(0)
Connected: MqttConnAck{reasonCode=SUCCESS, sessionPresent=false, restrictions=MqttConnAckRestrictions{receiveMaximum=10, maximumPacketSize=268435460, topicAliasMaximum=5, maximumQos=EXACTLY_ONCE, retainAvailable=true, wildcardSubscriptionAvailable=true, sharedSubscriptionAvailable=true, subscriptionIdentifiersAvailable=true}}
2021-07-22T09:12:55,409-0500 [837 159] com.newrelic INFO: Set outbound headers to: [(NewRelicID, UhkfH1BSVkZVHRgeUVZWVQ==)]
2021-07-22T09:12:55,411-0500 [837 159] com.newrelic INFO: Set outbound headers to: [(NewRelicID, UhkfH1BSVkZVHRgeUVZWVQ==), (NewRelicTransaction, OENfUAYDAAdRUFMGUVNQAgAFFRlVUVURBE5HWlQCB1MAUFBUBlZXUQdZVUdOQ1JcBVZSXANQRzs=)]
Received message from newrelic/test-async, payload: 0
Call to subscribe, count = 0
Connected: MqttConnAck{reasonCode=SUCCESS, sessionPresent=false, restrictions=MqttConnAckRestrictions{receiveMaximum=10, maximumPacketSize=268435460, topicAliasMaximum=5, maximumQos=EXACTLY_ONCE, retainAvailable=true, wildcardSubscriptionAvailable=true, sharedSubscriptionAvailable=true, subscriptionIdentifiersAvailable=true}}
Call to publish(0)
2021-07-22T09:12:55,764-0500 [837 159] com.newrelic INFO: Set outbound headers to: [(NewRelicID, UhkfH1BSVkZVHRgeUVZWVQ==)]
2021-07-22T09:12:55,765-0500 [837 159] com.newrelic INFO: Set outbound headers to: [(NewRelicID, UhkfH1BSVkZVHRgeUVZWVQ==), (NewRelicTransaction, OENUVlpQV11XAFcHU1xVVQ9UFRlVUVURBE5HUVJeVARaVgBQB1RYVFBWBEdOQ1JcBVZSXANQRzs=)]
Received message from newrelic/test-async, payload: 0
doneWithSub = true
doneWithPub = true
Finished transaction count: 4
AsyncPubSubTest passed
2021-07-22 09:12:55,836 INFO  - Stopping EmbeddedHiveMQ.
2021-07-22 09:12:57,893 INFO  - Shutting down extension system
2021-07-22 09:13:02,541 INFO  - Stopped EmbeddedHiveMQ in 6705ms
]]></system-out>
  <system-err><![CDATA[]]></system-err>
</testsuite>
